Flow report for Project_2_Pipeline
Fri Nov  4 08:37:33 2022
Quartus Prime Version 21.1.1 Build 850 06/23/2022 SJ Lite Edition


---------------------
; Table of Contents ;
---------------------
  1. Legal Notice
  2. Flow Summary
  3. Flow Settings
  4. Flow Non-Default Global Settings
  5. Flow Elapsed Time
  6. Flow OS Summary
  7. Flow Log
  8. Flow Messages
  9. Flow Suppressed Messages



----------------
; Legal Notice ;
----------------
Copyright (C) 2022  Intel Corporation. All rights reserved.
Your use of Intel Corporation's design tools, logic functions 
and other software and tools, and any partner logic 
functions, and any output files from any of the foregoing 
(including device programming or simulation files), and any 
associated documentation or information are expressly subject 
to the terms and conditions of the Intel Program License 
Subscription Agreement, the Intel Quartus Prime License Agreement,
the Intel FPGA IP License Agreement, or other applicable license
agreement, including, without limitation, that your use is for
the sole purpose of programming logic devices manufactured by
Intel and sold by Intel or its authorized distributors.  Please
refer to the applicable agreement for further details, at
https://fpgasoftware.intel.com/eula.



+----------------------------------------------------------------------------------+
; Flow Summary                                                                     ;
+------------------------------------+---------------------------------------------+
; Flow Status                        ; Successful - Fri Nov  4 08:37:15 2022       ;
; Quartus Prime Version              ; 21.1.1 Build 850 06/23/2022 SJ Lite Edition ;
; Revision Name                      ; Project_2_Pipeline                          ;
; Top-level Entity Name              ; toplevel                                    ;
; Family                             ; MAX 10                                      ;
; Device                             ; 10M50DAF484C6GES                            ;
; Timing Models                      ; Preliminary                                 ;
; Total logic elements               ; 41,156 / 49,760 ( 83 % )                    ;
;     Total combinational functions  ; 39,410 / 49,760 ( 79 % )                    ;
;     Dedicated logic registers      ; 2,890 / 49,760 ( 6 % )                      ;
; Total registers                    ; 2890                                        ;
; Total pins                         ; 16 / 360 ( 4 % )                            ;
; Total virtual pins                 ; 0                                           ;
; Total memory bits                  ; 0 / 1,677,312 ( 0 % )                       ;
; Embedded Multiplier 9-bit elements ; 288 / 288 ( 100 % )                         ;
; Total PLLs                         ; 1 / 4 ( 25 % )                              ;
; UFM blocks                         ; 0 / 1 ( 0 % )                               ;
; ADC blocks                         ; 0 / 2 ( 0 % )                               ;
+------------------------------------+---------------------------------------------+


+-----------------------------------------+
; Flow Settings                           ;
+-------------------+---------------------+
; Option            ; Setting             ;
+-------------------+---------------------+
; Start date & time ; 11/04/2022 08:33:19 ;
; Main task         ; Compilation         ;
; Revision Name     ; Project_2_Pipeline  ;
+-------------------+---------------------+


+------------------------------------------------------------------------------------------------------------------------------+
; Flow Non-Default Global Settings                                                                                             ;
+-------------------------------------+----------------------------------------+--------------------+-------------+------------+
; Assignment Name                     ; Value                                  ; Default Value      ; Entity Name ; Section Id ;
+-------------------------------------+----------------------------------------+--------------------+-------------+------------+
; COMPILER_SIGNATURE_ID               ; 185263055823518.166756519947952        ; --                 ; --          ; --         ;
; PARTITION_COLOR                     ; -- (Not supported for targeted family) ; --                 ; toplevel    ; Top        ;
; PARTITION_FITTER_PRESERVATION_LEVEL ; -- (Not supported for targeted family) ; --                 ; toplevel    ; Top        ;
; PARTITION_NETLIST_TYPE              ; -- (Not supported for targeted family) ; --                 ; toplevel    ; Top        ;
; PROJECT_OUTPUT_DIRECTORY            ; output_files                           ; --                 ; --          ; --         ;
; TOP_LEVEL_ENTITY                    ; toplevel                               ; Project_2_Pipeline ; --          ; --         ;
+-------------------------------------+----------------------------------------+--------------------+-------------+------------+


+--------------------------------------------------------------------------------------------------------------------------+
; Flow Elapsed Time                                                                                                        ;
+----------------------+--------------+-------------------------+---------------------+------------------------------------+
; Module Name          ; Elapsed Time ; Average Processors Used ; Peak Virtual Memory ; Total CPU Time (on all processors) ;
+----------------------+--------------+-------------------------+---------------------+------------------------------------+
; Analysis & Synthesis ; 00:01:00     ; 1.0                     ; 844 MB              ; 00:01:10                           ;
; Fitter               ; 00:02:42     ; 1.6                     ; 1795 MB             ; 00:09:48                           ;
; Assembler            ; 00:00:03     ; 1.0                     ; 494 MB              ; 00:00:04                           ;
; Timing Analyzer      ; 00:00:16     ; 3.8                     ; 870 MB              ; 00:00:59                           ;
; Total                ; 00:04:01     ; --                      ; --                  ; 00:12:01                           ;
+----------------------+--------------+-------------------------+---------------------+------------------------------------+


+-----------------------------------------------------------------------------------------------+
; Flow OS Summary                                                                               ;
+----------------------+-------------------------+----------------+------------+----------------+
; Module Name          ; Machine Hostname        ; OS Name        ; OS Version ; Processor type ;
+----------------------+-------------------------+----------------+------------+----------------+
; Analysis & Synthesis ; jkaminski-Inspiron-7591 ; Ubuntu 22.04.1 ; 22         ; x86_64         ;
; Fitter               ; jkaminski-Inspiron-7591 ; Ubuntu 22.04.1 ; 22         ; x86_64         ;
; Assembler            ; jkaminski-Inspiron-7591 ; Ubuntu 22.04.1 ; 22         ; x86_64         ;
; Timing Analyzer      ; jkaminski-Inspiron-7591 ; Ubuntu 22.04.1 ; 22         ; x86_64         ;
+----------------------+-------------------------+----------------+------------+----------------+


------------
; Flow Log ;
------------
quartus_map --read_settings_files=on --write_settings_files=off Project_2_Pipeline -c Project_2_Pipeline
quartus_fit --read_settings_files=off --write_settings_files=off Project_2_Pipeline -c Project_2_Pipeline
quartus_asm --read_settings_files=off --write_settings_files=off Project_2_Pipeline -c Project_2_Pipeline
quartus_sta Project_2_Pipeline -c Project_2_Pipeline



