Flow report for Project_3
Fri Nov 18 13:41:01 2022
Quartus Prime Version 21.1.1 Build 850 06/23/2022 SJ Lite Edition


---------------------
; Table of Contents ;
---------------------
  1. Legal Notice
  2. Flow Summary
  3. Flow Settings
  4. Flow Non-Default Global Settings
  5. Flow Elapsed Time
  6. Flow OS Summary
  7. Flow Log
  8. Flow Messages
  9. Flow Suppressed Messages



----------------
; Legal Notice ;
----------------
Copyright (C) 2022  Intel Corporation. All rights reserved.
Your use of Intel Corporation's design tools, logic functions 
and other software and tools, and any partner logic 
functions, and any output files from any of the foregoing 
(including device programming or simulation files), and any 
associated documentation or information are expressly subject 
to the terms and conditions of the Intel Program License 
Subscription Agreement, the Intel Quartus Prime License Agreement,
the Intel FPGA IP License Agreement, or other applicable license
agreement, including, without limitation, that your use is for
the sole purpose of programming logic devices manufactured by
Intel and sold by Intel or its authorized distributors.  Please
refer to the applicable agreement for further details, at
https://fpgasoftware.intel.com/eula.



+----------------------------------------------------------------------------------+
; Flow Summary                                                                     ;
+------------------------------------+---------------------------------------------+
; Flow Status                        ; Successful - Fri Nov 18 13:41:01 2022       ;
; Quartus Prime Version              ; 21.1.1 Build 850 06/23/2022 SJ Lite Edition ;
; Revision Name                      ; Project_3                                   ;
; Top-level Entity Name              ; toplevel                                    ;
; Family                             ; MAX 10                                      ;
; Device                             ; 10M50DAF484C6GES                            ;
; Timing Models                      ; Preliminary                                 ;
; Total logic elements               ; 765                                         ;
;     Total combinational functions  ; 758                                         ;
;     Dedicated logic registers      ; 195                                         ;
; Total registers                    ; 195                                         ;
; Total pins                         ; 17                                          ;
; Total virtual pins                 ; 0                                           ;
; Total memory bits                  ; 0                                           ;
; Embedded Multiplier 9-bit elements ; 24                                          ;
; Total PLLs                         ; 1                                           ;
; UFM blocks                         ; 0                                           ;
; ADC blocks                         ; 0                                           ;
+------------------------------------+---------------------------------------------+


+-----------------------------------------+
; Flow Settings                           ;
+-------------------+---------------------+
; Option            ; Setting             ;
+-------------------+---------------------+
; Start date & time ; 11/18/2022 13:40:45 ;
; Main task         ; Compilation         ;
; Revision Name     ; Project_3           ;
+-------------------+---------------------+


+------------------------------------------------------------------------------------------------------------------------------------------------------------+
; Flow Non-Default Global Settings                                                                                                                           ;
+-------------------------------------+---------------------------------------------------------------------+---------------+-------------------+------------+
; Assignment Name                     ; Value                                                               ; Default Value ; Entity Name       ; Section Id ;
+-------------------------------------+---------------------------------------------------------------------+---------------+-------------------+------------+
; COMPILER_SIGNATURE_ID               ; 185263055823518.166879684527965                                     ; --            ; --                ; --         ;
; MAX_CORE_JUNCTION_TEMP              ; 85                                                                  ; --            ; --                ; --         ;
; MIN_CORE_JUNCTION_TEMP              ; 0                                                                   ; --            ; --                ; --         ;
; MISC_FILE                           ; global_clock_mgmt/synthesis/../global_clock_mgmt.cmp                ; --            ; --                ; --         ;
; MISC_FILE                           ; global_clock_mgmt/synthesis/../../global_clock_mgmt.qsys            ; --            ; --                ; --         ;
; MISC_FILE                           ; VGA_PLL.cmp                                                         ; --            ; --                ; --         ;
; MISC_FILE                           ; VGA_PLL.ppf                                                         ; --            ; --                ; --         ;
; MISC_FILE                           ; Vga_Pll_40MHz.cmp                                                   ; --            ; --                ; --         ;
; MISC_FILE                           ; Vga_Pll_40MHz.ppf                                                   ; --            ; --                ; --         ;
; MISC_FILE                           ; VGA_PLL_148MHz.cmp                                                  ; --            ; --                ; --         ;
; MISC_FILE                           ; VGA_PLL_148MHz.ppf                                                  ; --            ; --                ; --         ;
; PARTITION_COLOR                     ; -- (Not supported for targeted family)                              ; --            ; toplevel          ; Top        ;
; PARTITION_FITTER_PRESERVATION_LEVEL ; -- (Not supported for targeted family)                              ; --            ; toplevel          ; Top        ;
; PARTITION_NETLIST_TYPE              ; -- (Not supported for targeted family)                              ; --            ; toplevel          ; Top        ;
; POWER_BOARD_THERMAL_MODEL           ; None (CONSERVATIVE)                                                 ; --            ; --                ; --         ;
; POWER_PRESET_COOLING_SOLUTION       ; 23 MM HEAT SINK WITH 200 LFPM AIRFLOW                               ; --            ; --                ; --         ;
; PROJECT_OUTPUT_DIRECTORY            ; output_files                                                        ; --            ; --                ; --         ;
; SLD_FILE                            ; global_clock_mgmt/synthesis/global_clock_mgmt.debuginfo             ; --            ; --                ; --         ;
; SLD_INFO                            ; QSYS_NAME global_clock_mgmt HAS_SOPCINFO 1 GENERATION_ID 1668796347 ; --            ; global_clock_mgmt ; --         ;
; SOPCINFO_FILE                       ; global_clock_mgmt/synthesis/../../global_clock_mgmt.sopcinfo        ; --            ; --                ; --         ;
; SYNTHESIS_ONLY_QIP                  ; On                                                                  ; --            ; --                ; --         ;
; TOP_LEVEL_ENTITY                    ; toplevel                                                            ; Project_3     ; --                ; --         ;
+-------------------------------------+---------------------------------------------------------------------+---------------+-------------------+------------+


+--------------------------------------------------------------------------------------------------------------------------+
; Flow Elapsed Time                                                                                                        ;
+----------------------+--------------+-------------------------+---------------------+------------------------------------+
; Module Name          ; Elapsed Time ; Average Processors Used ; Peak Virtual Memory ; Total CPU Time (on all processors) ;
+----------------------+--------------+-------------------------+---------------------+------------------------------------+
; Analysis & Synthesis ; 00:00:16     ; 1.0                     ; 482 MB              ; 00:00:42                           ;
; Total                ; 00:00:16     ; --                      ; --                  ; 00:00:42                           ;
+----------------------+--------------+-------------------------+---------------------+------------------------------------+


+-----------------------------------------------------------------------------------------------+
; Flow OS Summary                                                                               ;
+----------------------+-------------------------+----------------+------------+----------------+
; Module Name          ; Machine Hostname        ; OS Name        ; OS Version ; Processor type ;
+----------------------+-------------------------+----------------+------------+----------------+
; Analysis & Synthesis ; jkaminski-Inspiron-7591 ; Ubuntu 22.04.1 ; 22         ; x86_64         ;
+----------------------+-------------------------+----------------+------------+----------------+


------------
; Flow Log ;
------------
quartus_map --read_settings_files=on --write_settings_files=off Project_3 -c Project_3



